
=== Fri Apr 26 19:44:19 2019

Packages were changed.
Update Mode: mergeDefaultDependencies

The following packages were added:
  com.unity.ext.nunit@1.0.0
  com.unity.test-framework@1.0.11
  com.unity.ide.vscode@1.0.3
  com.unity.ide.visualstudio@1.0.3
  com.unity.ide.rider@1.0.2
  com.unity.modules.androidjni@1.0.0
The following packages were updated:
  com.unity.collab-proxy from version 1.2.9 to 1.2.16
  com.unity.package-manager-ui from version 0.0.0-builtin to 2.2.0
  com.unity.purchasing from version 2.0.1 to 2.0.6
  com.unity.timeline from version 0.0.0-builtin to 1.0.0

=== Mon May  6 21:12:28 2019

Packages were changed.
Update Mode: updateDependencies

The following packages were added:
  com.unity.ide.rider@1.0.2

=== Mon May 13 14:33:17 2019

Packages were changed.
Update Mode: updateDependencies

The following packages were updated:
  com.unity.ide.visualstudio from version 1.0.3 to 1.0.5
  com.unity.ide.vscode from version 1.0.3 to 1.0.4
  com.unity.test-framework from version 1.0.11 to 1.0.12
  com.unity.textmeshpro from version 1.3.0 to 2.0.0

=== Mon Jul 15 15:28:05 2019

Packages were changed.
Update Mode: updateDependencies

The following packages were updated:
  com.unity.ide.rider from version 1.0.6 to 1.0.8
  com.unity.ide.visualstudio from version 1.0.5 to 1.0.11
  com.unity.ide.vscode from version 1.0.4 to 1.0.7
  com.unity.test-framework from version 1.0.12 to 1.0.16
  com.unity.textmeshpro from version 2.0.0 to 2.0.1
  com.unity.timeline from version 1.0.0 to 1.1.0
The following packages were removed:
  com.unity.package-manager-ui@2.2.0

=== Tue Jul 30 01:41:59 2019

Packages were changed.
Update Mode: updateDependencies

The following packages were updated:
  com.unity.probuilder from version 4.0.4 to 4.1.0

=== Mon Aug  5 16:59:45 2019

Packages were changed.
Update Mode: updateDependencies

The following packages were updated:
  com.unity.test-framework from version 1.0.16 to 1.0.17

=== Tue Sep  3 13:21:53 2019

Packages were changed.
Update Mode: updateDependencies

The following packages were updated:
  com.unity.ide.rider from version 1.0.8 to 1.1.0

=== Thu Sep 12 22:18:53 2019

Packages were changed.
Update Mode: updateDependencies

The following packages were updated:
  com.unity.test-framework from version 1.0.18 to 1.1.1
  com.unity.timeline from version 1.1.0 to 1.2.1

=== Mon Sep 16 16:29:31 2019

Packages were changed.
Update Mode: updateDependencies

The following packages were updated:
  com.unity.timeline from version 1.2.1 to 1.2.2

=== Sun Nov 17 08:12:37 2019

Packages were changed.
Update Mode: updateDependencies

The following packages were updated:
  com.unity.test-framework from version 1.1.1 to 1.1.3
  com.unity.timeline from version 1.2.2 to 1.3.0-preview.2
